This is pdfTeX, Version 3.141592653-2.6-1.40.25 (MiKTeX 23.10) (preloaded format=pdflatex 2023.11.14)  14 NOV 2023 16:32
entering extended mode
 restricted \write18 enabled.
 file:line:error style messages enabled.
 %&-line parsing enabled.
**"c:/Users/Ben/OneDrive - Western Governors University/Documents/Code/HCI-Group/team-supreme-project/supreme_checkin_1.tex"
(c:/Users/Ben/OneDrive - Western Governors University/Documents/Code/HCI-Group/team-supreme-project/supreme_checkin_1.tex
LaTeX2e <2023-06-01> patch level 1
L3 programming layer <2023-08-29>

! LaTeX Error: File `jdf.cls' not found.

Type X to quit or <RETURN> to proceed,
or enter new name. (Default extension: cls)

Enter file name: 
c:/Users/Ben/OneDrive - Western Governors University/Documents/Code/HCI-Group/team-supreme-project/supreme_checkin_1.tex:5: Emergency stop.
<read *> 
         
l.5 ^^M
       
*** (cannot \read from terminal in nonstop modes)

 
Here is how much of TeX's memory you used:
 24 strings out of 475247
 850 string characters out of 5758735
 1917785 words of memory out of 5000000
 21648 multiletter control sequences out of 15000+600000
 558069 words of font info for 36 fonts, out of 8000000 for 9000
 1141 hyphenation exceptions out of 8191
 19i,0n,29p,169b,17s stack positions out of 10000i,1000n,20000p,200000b,200000s
c:/Users/Ben/OneDrive - Western Governors University/Documents/Code/HCI-Group/team-supreme-project/supreme_checkin_1.tex:5:  ==> Fatal error occurred, no output PDF file produced!
